.\gradlew.bat : WARNING: A 
restricted method in 
java.lang.System has been 
called
At line:1 char:1
+ .\gradlew.bat 
createSetupExe 
--console=plain 2>&1 | 
Out-File -FilePat ...
+ ~~~~~~~~~~~~~~~~~~~~~~~~~~
~~~~~~~~~~~~~~~~~~~~~~~
    + CategoryInfo          
    : NotSpecified: (WARNI  
  NG: A rest...has been c   
 alled:String) [], Remot    
eException
    + FullyQualifiedErrorId 
    : NativeCommandError
 
WARNING: 
java.lang.System::load has 
been called by net.rubygrape
fruit.platform.internal.Nati
veLibraryLoader in an 
unnamed module (file:/C:/Use
rs/ASUS/.gradle/wrapper/dist
s/gradle-9.2.1-bin/2t0n5ozlw
9xmuyvbp7dnzaxug/gradle-9.2.
1/lib/native-platform-0.22-m
ilestone-29.jar)
WARNING: Use --enable-native
-access=ALL-UNNAMED to 
avoid a warning for callers 
in this module
WARNING: Restricted methods 
will be blocked in a future 
release unless native 
access is enabled

> Task :app:compileJava UP-TO-DATE
> Task :app:processResources UP-TO-DATE
> Task :app:classes UP-TO-DATE
> Task :app:jar UP-TO-DATE
> Task :app:startScripts UP-TO-DATE
> Task :app:installDist
> Task :app:createExeInstaller
> Task :app:createSetupExe FAILED

FAILURE: Build failed with 
an exception.

* What went wrong:
Execution failed for task 
':app:createSetupExe'.
> Could not copy file 'C:\KA
LIADMIN\aplikasiedane\app\bu
ild\installer\ChessMaster-1.
0.0.exe' to 'C:\KALIADMIN\ap
likasiedane\dist\SetupChess.
exe'.
   > C:\KALIADMIN\aplikasied
ane\dist\SetupChess.exe 
(The process cannot access 
the file because it is 
being used by another 
process)

* Try:
> Run with --stacktrace 
option to get the stack 
trace.
> Run with --info or 
--debug option to get more 
log output.
> Run with --scan to 
generate a Build Scan 
(powered by Develocity).
> Get more help at 
https://help.gradle.org.

BUILD FAILED in 54s
7 actionable tasks: 3 executed, 4 up-to-date
